<?xml version="1.0" encoding="UTF-8"?>
<!-- Generated by org.testng.reporters.JUnitXMLReporter -->
<testsuite ignored="0" hostname="DESKTOP-CB523E7" failures="0" tests="1" name="TC_Login" time="9.578" errors="0" timestamp="2022-11-01T08:16:54 IST">
  <testcase classname="com.capital_Market.testcases.BaseClass" name="@BeforeClass setup" time="9.456">
    <failure type="java.lang.NullPointerException">
      <![CDATA[java.lang.NullPointerException
at com.capital_Market.testcases.BaseClass.setup(BaseClass.java:64)
at java.base/java.util.ArrayList.forEach(ArrayList.java:1540)
... Removed 25 stack frames]]>
    </failure>
  </testcase> <!-- @BeforeClass setup -->
  <testcase classname="com.capital_Market.testcases.BaseClass" name="test" time="0.001">
    <skipped/>
  </testcase> <!-- test -->
</testsuite> <!-- TC_Login -->
