<?xml version="1.0" encoding="UTF-8"?>
<!-- Generated by org.testng.reporters.JUnitXMLReporter -->
<testsuite ignored="0" hostname="DESKTOP-CB523E7" failures="0" tests="5" name="TC_Login" time="28.86" errors="0" timestamp="2024-02-03T03:51:33 IST">
  <testcase classname="com.capital_Market.testcases.BaseClass" name="test" time="0.005"/>
  <testcase classname="com.capital_Market.testcases.TC_logoutpage" name="checklogin" time="0.688"/>
  <testcase classname="com.capital_Market.testcases.TC_logoutpage" name="checklogout" time="0.03"/>
  <testcase classname="com.capital_Market.testcases.TC_logoutpage" name="checkimg" time="7.506"/>
  <testcase classname="com.capital_Market.testcases.TC_logoutpage" name="logout" time="0.125"/>
</testsuite> <!-- TC_Login -->
