<?xml version="1.0" encoding="UTF-8"?>
<!-- Generated by org.testng.reporters.JUnitXMLReporter -->
<testsuite ignored="0" hostname="DESKTOP-CB523E7" failures="0" tests="6" name="BaseClass" time="72.771" errors="0" timestamp="2024-02-02T12:22:51 IST">
  <testcase classname="com.capital_Market.testcases.BaseClass" name="test" time="0.059"/>
  <testcase classname="com.capital_Market.testcases.TC_Login" name="login" time="0.043"/>
  <testcase classname="com.capital_Market.testcases.TC_Login" name="checklogo" time="0.874"/>
  <testcase classname="com.capital_Market.testcases.TC_Login" name="checklogin" time="0.778"/>
  <testcase classname="com.capital_Market.testcases.TC_Login" name="gettitle" time="0.093"/>
  <testcase classname="com.capital_Market.testcases.TC_Login" name="checkHeader" time="0.093"/>
</testsuite> <!-- BaseClass -->
