<?xml version="1.0" encoding="UTF-8"?>
<!-- Generated by org.testng.reporters.JUnitXMLReporter -->
<testsuite ignored="0" hostname="DESKTOP-CB523E7" failures="0" tests="6" name="BaseClass " time="16.819" errors="0" timestamp="2024-01-26T19:15:11 IST">
  <testcase classname="com.capital_Market.testcases.BaseClass" name="test" time="0.015"/>
  <testcase classname="com.capital_Market.testcases.TC_Login" name="login" time="0.055"/>
  <testcase classname="com.capital_Market.testcases.TC_Login" name="checklogo" time="0.403"/>
  <testcase classname="com.capital_Market.testcases.TC_Login" name="checklogin" time="0.728"/>
  <testcase classname="com.capital_Market.testcases.TC_Login" name="gettitle" time="0.024"/>
  <testcase classname="com.capital_Market.testcases.TC_Login" name="checkHeader" time="0.1"/>
</testsuite> <!-- BaseClass  -->
