<?xml version="1.0" encoding="UTF-8"?>
<!-- Generated by org.testng.reporters.JUnitXMLReporter -->
<testsuite ignored="0" hostname="DESKTOP-CB523E7" failures="0" tests="5" name="TC_Login" time="40.371" errors="0" timestamp="2024-02-08T18:21:06 IST">
  <testcase classname="com.capital_Market.testcases.BaseClass" name="test" time="0.057"/>
  <testcase classname="com.capital_Market.testcases.TC_logoutpage" name="checklogin" time="1.685"/>
  <testcase classname="com.capital_Market.testcases.TC_logoutpage" name="checklogout" time="0.133"/>
  <testcase classname="com.capital_Market.testcases.TC_logoutpage" name="checkimg" time="7.927"/>
  <testcase classname="com.capital_Market.testcases.TC_logoutpage" name="logout" time="0.143"/>
</testsuite> <!-- TC_Login -->
