<?xml version="1.0" encoding="UTF-8"?>
<!-- Generated by org.testng.reporters.JUnitXMLReporter -->
<testsuite ignored="0" hostname="DESKTOP-CB523E7" failures="0" tests="5" name="TC_Login" time="35.033" errors="0" timestamp="2024-02-03T03:18:17 IST">
  <testcase classname="com.capital_Market.testcases.BaseClass" name="test" time="0.011"/>
  <testcase classname="com.capital_Market.testcases.TC_logoutpage" name="checklogin" time="0.89"/>
  <testcase classname="com.capital_Market.testcases.TC_logoutpage" name="checklogout" time="0.2"/>
  <testcase classname="com.capital_Market.testcases.TC_logoutpage" name="checkimg" time="10.473"/>
  <testcase classname="com.capital_Market.testcases.TC_logoutpage" name="logout" time="0.123"/>
</testsuite> <!-- TC_Login -->
